<?xml version="1.0" encoding="UTF-8" ?>
<testsuites>
  <testsuite errors="0" failures="0" hostname="CCROCKET-LAP" id="0" name="CommentIntegrationSpec" package="com.oracle.grailshackathon" tests="1" time="0.713" timestamp="2016-01-23T05:23:08">
      <properties />

      <testcase classname="com.oracle.grailshackathon.CommentIntegrationSpec" name="test that items are returned" time="0.696" />

      <system-out><![CDATA[--Output from test that items are returned--
]]></system-out>

      <system-err><![CDATA[--Output from test that items are returned--
]]></system-err>

  </testsuite>
  <testsuite errors="0" failures="0" hostname="CCROCKET-LAP" id="1" name="ItemIntegrationSpec" package="com.oracle.grailshackathon" tests="1" time="0.323" timestamp="2016-01-23T05:23:09">
      <properties />

      <testcase classname="com.oracle.grailshackathon.ItemIntegrationSpec" name="test that items are returned" time="0.306" />

      <system-out><![CDATA[--Output from test that items are returned--
]]></system-out>

      <system-err><![CDATA[--Output from test that items are returned--
]]></system-err>

  </testsuite>
  <testsuite errors="0" failures="0" hostname="CCROCKET-LAP" id="2" name="OfferIntegrationSpec" package="com.oracle.grailshackathon" tests="1" time="0.324" timestamp="2016-01-23T05:23:09">
      <properties />

      <testcase classname="com.oracle.grailshackathon.OfferIntegrationSpec" name="test that items are returned" time="0.297" />

      <system-out><![CDATA[--Output from test that items are returned--
]]></system-out>

      <system-err><![CDATA[--Output from test that items are returned--
]]></system-err>

  </testsuite>
  <testsuite errors="0" failures="0" hostname="CCROCKET-LAP" id="3" name="UserIntegrationSpec" package="com.oracle.grailshackathon" tests="1" time="0.312" timestamp="2016-01-23T05:23:09">
      <properties />

      <testcase classname="com.oracle.grailshackathon.UserIntegrationSpec" name="test that items are returned" time="0.311" />

      <system-out><![CDATA[--Output from test that items are returned--
]]></system-out>

      <system-err><![CDATA[--Output from test that items are returned--
]]></system-err>

  </testsuite>
  <testsuite errors="0" failures="1" hostname="CCROCKET-LAP" id="4" name="ItemServiceSpec" package="com.oracle.grailshackathon" tests="1" time="1.279" timestamp="2016-01-23T05:22:35">
      <properties />

      <testcase classname="com.oracle.grailshackathon.ItemServiceSpec" name="test formating of item returned for find all" time="1.252">
          <failure message="Condition not satisfied:&#xa;&#xa;all == [[ ITEM_ID:5, ITEM_TITLE:&quot;test ttile&quot;, ITEM_DESC:&quot;DESCRIPTION&quot;, ITEM_POST_DATE:null, ITEM_POSTED_BY:2, ITEM_BOUGHT_BY:1, ITEM_PRICE:15, ITEM_STATUS:&quot;CLOSED&quot; ]]&#xa;|   |&#xa;|   false&#xa;[[ITEM_ID:5, ITEM_TITLE:test title, ITEM_DESC:DESCRIPTION, ITEM_POST_DATE:null, ITEM_POSTED_BY:2, ITEM_BOUGHT_BY:1, ITEM_PRICE:15, ITEM_STATUS:CLOSED]]&#xa;" type="junit.framework.AssertionFailedError">junit.framework.AssertionFailedError: Condition not satisfied:

all == [[ ITEM_ID:5, ITEM_TITLE:&quot;test ttile&quot;, ITEM_DESC:&quot;DESCRIPTION&quot;, ITEM_POST_DATE:null, ITEM_POSTED_BY:2, ITEM_BOUGHT_BY:1, ITEM_PRICE:15, ITEM_STATUS:&quot;CLOSED&quot; ]]
|   |
|   false
[[ITEM_ID:5, ITEM_TITLE:test title, ITEM_DESC:DESCRIPTION, ITEM_POST_DATE:null, ITEM_POSTED_BY:2, ITEM_BOUGHT_BY:1, ITEM_PRICE:15, ITEM_STATUS:CLOSED]]

	at com.oracle.grailshackathon.ItemServiceSpec.test formating of item returned for find all(ItemServiceSpec.groovy:30)
</failure>

      </testcase>

      <system-out><![CDATA[--Output from test formating of item returned for find all--
]]></system-out>

      <system-err><![CDATA[--Output from test formating of item returned for find all--
]]></system-err>

  </testsuite>
  <testsuite errors="0" failures="0" hostname="CCROCKET-LAP" id="5" name="ItemsControllerSpec" package="com.oracle.grailshackathon" tests="1" time="14.526" timestamp="2016-01-23T05:22:20">
      <properties />

      <testcase classname="com.oracle.grailshackathon.ItemsControllerSpec" name="test get items" time="14.406" />

      <system-out><![CDATA[--Output from test get items--
]]></system-out>

      <system-err><![CDATA[--Output from test get items--
]]></system-err>

  </testsuite>
</testsuites>
